This file contains any messages produced by compilers while
running configure, to aid debugging if configure makes a mistake.

It was created by pppd-sql configure 0.8.0, which was
generated by GNU Autoconf 2.59.  Invocation command line was

  $ ./configure --no-create --no-recursion

## --------- ##
## Platform. ##
## --------- ##

hostname = www.suninformationservice.com
uname -m = i686
uname -r = 2.6.18-128.7.1.el5xen
uname -s = Linux
uname -v = #1 SMP Mon Aug 24 10:08:55 EDT 2009

/usr/bin/uname -p = unknown
/bin/uname -X     = unknown

/bin/arch              = i686
/usr/bin/arch -k       = unknown
/usr/convex/getsysinfo = unknown
hostinfo               = unknown
/bin/machine           = unknown
/usr/bin/oslevel       = unknown
/bin/universe          = unknown

PATH: /usr/local/sbin
PATH: /usr/local/bin
PATH: /usr/sbin
PATH: /usr/bin
PATH: /sbin
PATH: /bin


## ----------- ##
## Core tests. ##
## ----------- ##

configure:1548: checking build system type
configure:1566: result: i686-pc-linux-gnu
configure:1574: checking host system type
configure:1588: result: i686-pc-linux-gnu
configure:1596: checking target system type
configure:1610: result: i686-pc-linux-gnu
configure:1640: checking for a BSD-compatible install
configure:1695: result: /usr/bin/install -c
configure:1706: checking whether build environment is sane
configure:1749: result: yes
configure:1814: checking for gawk
configure:1843: result: no
configure:1814: checking for mawk
configure:1830: found /usr/bin/mawk
configure:1840: result: mawk
configure:1850: checking whether make sets $(MAKE)
configure:1870: result: yes
configure:2048: checking for rm
configure:2066: found /bin/rm
configure:2079: result: /bin/rm
configure:2093: checking for sed
configure:2111: found /bin/sed
configure:2124: result: /bin/sed
configure:2264: checking for gcc
configure:2280: found /usr/bin/gcc
configure:2290: result: gcc
configure:2534: checking for C compiler version
configure:2537: gcc --version </dev/null >&5
gcc (Debian 4.3.2-1.1) 4.3.2
Copyright (C) 2008 Free Software Foundation, Inc.
This is free software; see the source for copying conditions.  There is NO
warranty; not even for MERCHANTABILITY or FITNESS FOR A PARTICULAR PURPOSE.

configure:2540: $? = 0
configure:2542: gcc -v </dev/null >&5
Using built-in specs.
Target: i486-linux-gnu
Configured with: ../src/configure -v --with-pkgversion='Debian 4.3.2-1.1' --with-bugurl=file:///usr/share/doc/gcc-4.3/README.Bugs --enable-languages=c,c++,fortran,objc,obj-c++ --prefix=/usr --enable-shared --with-system-zlib --libexecdir=/usr/lib --without-included-gettext --enable-threads=posix --enable-nls --with-gxx-include-dir=/usr/include/c++/4.3 --program-suffix=-4.3 --enable-clocale=gnu --enable-libstdcxx-debug --enable-objc-gc --enable-mpfr --enable-targets=all --enable-cld --enable-checking=release --build=i486-linux-gnu --host=i486-linux-gnu --target=i486-linux-gnu
Thread model: posix
gcc version 4.3.2 (Debian 4.3.2-1.1) 
configure:2545: $? = 0
configure:2547: gcc -V </dev/null >&5
gcc: '-V' option must have argument
configure:2550: $? = 1
configure:2573: checking for C compiler default output file name
configure:2576: gcc    conftest.c  >&5
configure:2579: $? = 0
configure:2625: result: a.out
configure:2630: checking whether the C compiler works
configure:2636: ./a.out
configure:2639: $? = 0
configure:2656: result: yes
configure:2663: checking whether we are cross compiling
configure:2665: result: no
configure:2668: checking for suffix of executables
configure:2670: gcc -o conftest    conftest.c  >&5
configure:2673: $? = 0
configure:2698: result: 
configure:2704: checking for suffix of object files
configure:2725: gcc -c   conftest.c >&5
configure:2728: $? = 0
configure:2750: result: o
configure:2754: checking whether we are using the GNU C compiler
configure:2778: gcc -c   conftest.c >&5
configure:2784: $? = 0
configure:2788: test -z 
			 || test ! -s conftest.err
configure:2791: $? = 0
configure:2794: test -s conftest.o
configure:2797: $? = 0
configure:2810: result: yes
configure:2816: checking whether gcc accepts -g
configure:2837: gcc -c -g  conftest.c >&5
configure:2843: $? = 0
configure:2847: test -z 
			 || test ! -s conftest.err
configure:2850: $? = 0
configure:2853: test -s conftest.o
configure:2856: $? = 0
configure:2867: result: yes
configure:2884: checking for gcc option to accept ANSI C
configure:2954: gcc  -c -g -O2  conftest.c >&5
configure:2960: $? = 0
configure:2964: test -z 
			 || test ! -s conftest.err
configure:2967: $? = 0
configure:2970: test -s conftest.o
configure:2973: $? = 0
configure:2991: result: none needed
configure:3009: gcc -c -g -O2  conftest.c >&5
conftest.c:2: error: expected '=', ',', ';', 'asm' or '__attribute__' before 'me'
configure:3015: $? = 1
configure: failed program was:
| #ifndef __cplusplus
|   choke me
| #endif
configure:3148: checking for a sed that does not truncate output
configure:3204: result: /bin/sed
configure:3207: checking for egrep
configure:3217: result: grep -E
configure:3233: checking for ld used by gcc
configure:3300: result: /usr/bin/ld
configure:3309: checking if the linker (/usr/bin/ld) is GNU ld
configure:3324: result: yes
configure:3329: checking for /usr/bin/ld option to reload object files
configure:3336: result: -r
configure:3354: checking for BSD-compatible nm
configure:3403: result: /usr/bin/nm -B
configure:3407: checking whether ln -s works
configure:3411: result: yes
configure:3418: checking how to recognise dependent libraries
configure:3594: result: pass_all
configure:3831: checking how to run the C preprocessor
configure:3866: gcc -E  conftest.c
configure:3872: $? = 0
configure:3904: gcc -E  conftest.c
conftest.c:11:28: error: ac_nonexistent.h: No such file or directory
configure:3910: $? = 1
configure: failed program was:
| /* confdefs.h.  */
| 
| #define PACKAGE_NAME "pppd-sql"
| #define PACKAGE_TARNAME "pppd-sql"
| #define PACKAGE_VERSION "0.8.0"
| #define PACKAGE_STRING "pppd-sql 0.8.0"
| #define PACKAGE_BUGREPORT "mbroemme@plusserver.de"
| #define PACKAGE "pppd-sql"
| #define VERSION "0.8.0"
| /* end confdefs.h.  */
| #include <ac_nonexistent.h>
configure:3949: result: gcc -E
configure:3973: gcc -E  conftest.c
configure:3979: $? = 0
configure:4011: gcc -E  conftest.c
conftest.c:11:28: error: ac_nonexistent.h: No such file or directory
configure:4017: $? = 1
configure: failed program was:
| /* confdefs.h.  */
| 
| #define PACKAGE_NAME "pppd-sql"
| #define PACKAGE_TARNAME "pppd-sql"
| #define PACKAGE_VERSION "0.8.0"
| #define PACKAGE_STRING "pppd-sql 0.8.0"
| #define PACKAGE_BUGREPORT "mbroemme@plusserver.de"
| #define PACKAGE "pppd-sql"
| #define VERSION "0.8.0"
| /* end confdefs.h.  */
| #include <ac_nonexistent.h>
configure:4061: checking for ANSI C header files
configure:4086: gcc -c -g -O2  conftest.c >&5
configure:4092: $? = 0
configure:4096: test -z 
			 || test ! -s conftest.err
configure:4099: $? = 0
configure:4102: test -s conftest.o
configure:4105: $? = 0
configure:4194: gcc -o conftest -g -O2   conftest.c  >&5
conftest.c: In function 'main':
conftest.c:28: warning: incompatible implicit declaration of built-in function 'exit'
configure:4197: $? = 0
configure:4199: ./conftest
configure:4202: $? = 0
configure:4217: result: yes
configure:4241: checking for sys/types.h
configure:4257: gcc -c -g -O2  conftest.c >&5
configure:4263: $? = 0
configure:4267: test -z 
			 || test ! -s conftest.err
configure:4270: $? = 0
configure:4273: test -s conftest.o
configure:4276: $? = 0
configure:4287: result: yes
configure:4241: checking for sys/stat.h
configure:4257: gcc -c -g -O2  conftest.c >&5
configure:4263: $? = 0
configure:4267: test -z 
			 || test ! -s conftest.err
configure:4270: $? = 0
configure:4273: test -s conftest.o
configure:4276: $? = 0
configure:4287: result: yes
configure:4241: checking for stdlib.h
configure:4257: gcc -c -g -O2  conftest.c >&5
configure:4263: $? = 0
configure:4267: test -z 
			 || test ! -s conftest.err
configure:4270: $? = 0
configure:4273: test -s conftest.o
configure:4276: $? = 0
configure:4287: result: yes
configure:4241: checking for string.h
configure:4257: gcc -c -g -O2  conftest.c >&5
configure:4263: $? = 0
configure:4267: test -z 
			 || test ! -s conftest.err
configure:4270: $? = 0
configure:4273: test -s conftest.o
configure:4276: $? = 0
configure:4287: result: yes
configure:4241: checking for memory.h
configure:4257: gcc -c -g -O2  conftest.c >&5
configure:4263: $? = 0
configure:4267: test -z 
			 || test ! -s conftest.err
configure:4270: $? = 0
configure:4273: test -s conftest.o
configure:4276: $? = 0
configure:4287: result: yes
configure:4241: checking for strings.h
configure:4257: gcc -c -g -O2  conftest.c >&5
configure:4263: $? = 0
configure:4267: test -z 
			 || test ! -s conftest.err
configure:4270: $? = 0
configure:4273: test -s conftest.o
configure:4276: $? = 0
configure:4287: result: yes
configure:4241: checking for inttypes.h
configure:4257: gcc -c -g -O2  conftest.c >&5
configure:4263: $? = 0
configure:4267: test -z 
			 || test ! -s conftest.err
configure:4270: $? = 0
configure:4273: test -s conftest.o
configure:4276: $? = 0
configure:4287: result: yes
configure:4241: checking for stdint.h
configure:4257: gcc -c -g -O2  conftest.c >&5
configure:4263: $? = 0
configure:4267: test -z 
			 || test ! -s conftest.err
configure:4270: $? = 0
configure:4273: test -s conftest.o
configure:4276: $? = 0
configure:4287: result: yes
configure:4241: checking for unistd.h
configure:4257: gcc -c -g -O2  conftest.c >&5
configure:4263: $? = 0
configure:4267: test -z 
			 || test ! -s conftest.err
configure:4270: $? = 0
configure:4273: test -s conftest.o
configure:4276: $? = 0
configure:4287: result: yes
configure:4313: checking dlfcn.h usability
configure:4325: gcc -c -g -O2  conftest.c >&5
configure:4331: $? = 0
configure:4335: test -z 
			 || test ! -s conftest.err
configure:4338: $? = 0
configure:4341: test -s conftest.o
configure:4344: $? = 0
configure:4354: result: yes
configure:4358: checking dlfcn.h presence
configure:4368: gcc -E  conftest.c
configure:4374: $? = 0
configure:4394: result: yes
configure:4429: checking for dlfcn.h
configure:4436: result: yes
configure:4501: checking for g++
configure:4517: found /usr/bin/g++
configure:4527: result: g++
configure:4543: checking for C++ compiler version
configure:4546: g++ --version </dev/null >&5
g++ (Debian 4.3.2-1.1) 4.3.2
Copyright (C) 2008 Free Software Foundation, Inc.
This is free software; see the source for copying conditions.  There is NO
warranty; not even for MERCHANTABILITY or FITNESS FOR A PARTICULAR PURPOSE.

configure:4549: $? = 0
configure:4551: g++ -v </dev/null >&5
Using built-in specs.
Target: i486-linux-gnu
Configured with: ../src/configure -v --with-pkgversion='Debian 4.3.2-1.1' --with-bugurl=file:///usr/share/doc/gcc-4.3/README.Bugs --enable-languages=c,c++,fortran,objc,obj-c++ --prefix=/usr --enable-shared --with-system-zlib --libexecdir=/usr/lib --without-included-gettext --enable-threads=posix --enable-nls --with-gxx-include-dir=/usr/include/c++/4.3 --program-suffix=-4.3 --enable-clocale=gnu --enable-libstdcxx-debug --enable-objc-gc --enable-mpfr --enable-targets=all --enable-cld --enable-checking=release --build=i486-linux-gnu --host=i486-linux-gnu --target=i486-linux-gnu
Thread model: posix
gcc version 4.3.2 (Debian 4.3.2-1.1) 
configure:4554: $? = 0
configure:4556: g++ -V </dev/null >&5
g++: '-V' option must have argument
configure:4559: $? = 1
configure:4562: checking whether we are using the GNU C++ compiler
configure:4586: g++ -c   conftest.cc >&5
configure:4592: $? = 0
configure:4596: test -z 
			 || test ! -s conftest.err
configure:4599: $? = 0
configure:4602: test -s conftest.o
configure:4605: $? = 0
configure:4618: result: yes
configure:4624: checking whether g++ accepts -g
configure:4645: g++ -c -g  conftest.cc >&5
configure:4651: $? = 0
configure:4655: test -z 
			 || test ! -s conftest.err
configure:4658: $? = 0
configure:4661: test -s conftest.o
configure:4664: $? = 0
configure:4675: result: yes
configure:4717: g++ -c -g -O2  conftest.cc >&5
configure:4723: $? = 0
configure:4727: test -z 
			 || test ! -s conftest.err
configure:4730: $? = 0
configure:4733: test -s conftest.o
configure:4736: $? = 0
configure:4762: g++ -c -g -O2  conftest.cc >&5
conftest.cc: In function 'int main()':
conftest.cc:26: error: 'exit' was not declared in this scope
configure:4768: $? = 1
configure: failed program was:
| /* confdefs.h.  */
| 
| #define PACKAGE_NAME "pppd-sql"
| #define PACKAGE_TARNAME "pppd-sql"
| #define PACKAGE_VERSION "0.8.0"
| #define PACKAGE_STRING "pppd-sql 0.8.0"
| #define PACKAGE_BUGREPORT "mbroemme@plusserver.de"
| #define PACKAGE "pppd-sql"
| #define VERSION "0.8.0"
| #define STDC_HEADERS 1
| #define HAVE_SYS_TYPES_H 1
| #define HAVE_SYS_STAT_H 1
| #define HAVE_STDLIB_H 1
| #define HAVE_STRING_H 1
| #define HAVE_MEMORY_H 1
| #define HAVE_STRINGS_H 1
| #define HAVE_INTTYPES_H 1
| #define HAVE_STDINT_H 1
| #define HAVE_UNISTD_H 1
| #define HAVE_DLFCN_H 1
| /* end confdefs.h.  */
| 
| int
| main ()
| {
| exit (42);
|   ;
|   return 0;
| }
configure:4717: g++ -c -g -O2  conftest.cc >&5
conftest.cc:22: error: 'void std::exit(int)' should have been declared inside 'std'
configure:4723: $? = 1
configure: failed program was:
| /* confdefs.h.  */
| 
| #define PACKAGE_NAME "pppd-sql"
| #define PACKAGE_TARNAME "pppd-sql"
| #define PACKAGE_VERSION "0.8.0"
| #define PACKAGE_STRING "pppd-sql 0.8.0"
| #define PACKAGE_BUGREPORT "mbroemme@plusserver.de"
| #define PACKAGE "pppd-sql"
| #define VERSION "0.8.0"
| #define STDC_HEADERS 1
| #define HAVE_SYS_TYPES_H 1
| #define HAVE_SYS_STAT_H 1
| #define HAVE_STDLIB_H 1
| #define HAVE_STRING_H 1
| #define HAVE_MEMORY_H 1
| #define HAVE_STRINGS_H 1
| #define HAVE_INTTYPES_H 1
| #define HAVE_STDINT_H 1
| #define HAVE_UNISTD_H 1
| #define HAVE_DLFCN_H 1
| /* end confdefs.h.  */
| extern "C" void std::exit (int) throw (); using std::exit;
| #include <stdlib.h>
| int
| main ()
| {
| exit (42);
|   ;
|   return 0;
| }
configure:4717: g++ -c -g -O2  conftest.cc >&5
conftest.cc:22: error: 'void std::exit(int)' should have been declared inside 'std'
In file included from conftest.cc:23:
/usr/include/stdlib.h:531: error: declaration of 'void std::exit(int) throw ()' throws different exceptions
conftest.cc:22: error: from previous declaration 'void std::exit(int)'
configure:4723: $? = 1
configure: failed program was:
| /* confdefs.h.  */
| 
| #define PACKAGE_NAME "pppd-sql"
| #define PACKAGE_TARNAME "pppd-sql"
| #define PACKAGE_VERSION "0.8.0"
| #define PACKAGE_STRING "pppd-sql 0.8.0"
| #define PACKAGE_BUGREPORT "mbroemme@plusserver.de"
| #define PACKAGE "pppd-sql"
| #define VERSION "0.8.0"
| #define STDC_HEADERS 1
| #define HAVE_SYS_TYPES_H 1
| #define HAVE_SYS_STAT_H 1
| #define HAVE_STDLIB_H 1
| #define HAVE_STRING_H 1
| #define HAVE_MEMORY_H 1
| #define HAVE_STRINGS_H 1
| #define HAVE_INTTYPES_H 1
| #define HAVE_STDINT_H 1
| #define HAVE_UNISTD_H 1
| #define HAVE_DLFCN_H 1
| /* end confdefs.h.  */
| extern "C" void std::exit (int); using std::exit;
| #include <stdlib.h>
| int
| main ()
| {
| exit (42);
|   ;
|   return 0;
| }
configure:4717: g++ -c -g -O2  conftest.cc >&5
configure:4723: $? = 0
configure:4727: test -z 
			 || test ! -s conftest.err
configure:4730: $? = 0
configure:4733: test -s conftest.o
configure:4736: $? = 0
configure:4762: g++ -c -g -O2  conftest.cc >&5
configure:4768: $? = 0
configure:4772: test -z 
			 || test ! -s conftest.err
configure:4775: $? = 0
configure:4778: test -s conftest.o
configure:4781: $? = 0
configure:4814: checking how to run the C++ preprocessor
configure:4845: g++ -E  conftest.cc
configure:4851: $? = 0
configure:4883: g++ -E  conftest.cc
conftest.cc:25:28: error: ac_nonexistent.h: No such file or directory
configure:4889: $? = 1
configure: failed program was:
| /* confdefs.h.  */
| 
| #define PACKAGE_NAME "pppd-sql"
| #define PACKAGE_TARNAME "pppd-sql"
| #define PACKAGE_VERSION "0.8.0"
| #define PACKAGE_STRING "pppd-sql 0.8.0"
| #define PACKAGE_BUGREPORT "mbroemme@plusserver.de"
| #define PACKAGE "pppd-sql"
| #define VERSION "0.8.0"
| #define STDC_HEADERS 1
| #define HAVE_SYS_TYPES_H 1
| #define HAVE_SYS_STAT_H 1
| #define HAVE_STDLIB_H 1
| #define HAVE_STRING_H 1
| #define HAVE_MEMORY_H 1
| #define HAVE_STRINGS_H 1
| #define HAVE_INTTYPES_H 1
| #define HAVE_STDINT_H 1
| #define HAVE_UNISTD_H 1
| #define HAVE_DLFCN_H 1
| #ifdef __cplusplus
| extern "C" void exit (int) throw ();
| #endif
| /* end confdefs.h.  */
| #include <ac_nonexistent.h>
configure:4928: result: g++ -E
configure:4952: g++ -E  conftest.cc
configure:4958: $? = 0
configure:4990: g++ -E  conftest.cc
conftest.cc:25:28: error: ac_nonexistent.h: No such file or directory
configure:4996: $? = 1
configure: failed program was:
| /* confdefs.h.  */
| 
| #define PACKAGE_NAME "pppd-sql"
| #define PACKAGE_TARNAME "pppd-sql"
| #define PACKAGE_VERSION "0.8.0"
| #define PACKAGE_STRING "pppd-sql 0.8.0"
| #define PACKAGE_BUGREPORT "mbroemme@plusserver.de"
| #define PACKAGE "pppd-sql"
| #define VERSION "0.8.0"
| #define STDC_HEADERS 1
| #define HAVE_SYS_TYPES_H 1
| #define HAVE_SYS_STAT_H 1
| #define HAVE_STDLIB_H 1
| #define HAVE_STRING_H 1
| #define HAVE_MEMORY_H 1
| #define HAVE_STRINGS_H 1
| #define HAVE_INTTYPES_H 1
| #define HAVE_STDINT_H 1
| #define HAVE_UNISTD_H 1
| #define HAVE_DLFCN_H 1
| #ifdef __cplusplus
| extern "C" void exit (int) throw ();
| #endif
| /* end confdefs.h.  */
| #include <ac_nonexistent.h>
configure:5093: checking for g77
configure:5122: result: no
configure:5093: checking for f77
configure:5122: result: no
configure:5093: checking for xlf
configure:5122: result: no
configure:5093: checking for frt
configure:5122: result: no
configure:5093: checking for pgf77
configure:5122: result: no
configure:5093: checking for fort77
configure:5122: result: no
configure:5093: checking for fl32
configure:5122: result: no
configure:5093: checking for af77
configure:5122: result: no
configure:5093: checking for f90
configure:5122: result: no
configure:5093: checking for xlf90
configure:5122: result: no
configure:5093: checking for pgf90
configure:5122: result: no
configure:5093: checking for epcf90
configure:5122: result: no
configure:5093: checking for f95
configure:5122: result: no
configure:5093: checking for fort
configure:5122: result: no
configure:5093: checking for xlf95
configure:5122: result: no
configure:5093: checking for ifc
configure:5122: result: no
configure:5093: checking for efc
configure:5122: result: no
configure:5093: checking for pgf95
configure:5122: result: no
configure:5093: checking for lf95
configure:5122: result: no
configure:5093: checking for gfortran
configure:5122: result: no
configure:5134: checking for Fortran 77 compiler version
configure:5137:  --version </dev/null >&5
./configure: line 5138: --version: command not found
configure:5140: $? = 127
configure:5142:  -v </dev/null >&5
./configure: line 5143: -v: command not found
configure:5145: $? = 127
configure:5147:  -V </dev/null >&5
./configure: line 5148: -V: command not found
configure:5150: $? = 127
configure:5158: checking whether we are using the GNU Fortran 77 compiler
configure:5172:  -c  conftest.F >&5
./configure: line 5173: -c: command not found
configure:5178: $? = 127
configure: failed program was:
|       program main
| #ifndef __GNUC__
|        choke me
| #endif
| 
|       end
configure:5204: result: no
configure:5210: checking whether  accepts -g
configure:5222:  -c -g conftest.f >&5
./configure: line 5223: -c: command not found
configure:5228: $? = 127
configure: failed program was:
|       program main
| 
|       end
configure:5253: result: no
configure:5283: checking the maximum length of command line arguments
configure:5392: result: 32768
configure:5403: checking command to parse /usr/bin/nm -B output from gcc object
configure:5508: gcc -c -g -O2  conftest.c >&5
configure:5511: $? = 0
configure:5515: /usr/bin/nm -B conftest.o \| sed -n -e 's/^.*[ 	]\([ABCDGIRSTW][ABCDGIRSTW]*\)[ 	][ 	]*\([_A-Za-z][_A-Za-z0-9]*\)$/\1 \2 \2/p' \> conftest.nm
configure:5518: $? = 0
configure:5570: gcc -o conftest -g -O2   conftest.c conftstm.o >&5
configure:5573: $? = 0
configure:5611: result: ok
configure:5615: checking for objdir
configure:5630: result: .libs
configure:5720: checking for ar
configure:5736: found /usr/bin/ar
configure:5747: result: ar
configure:5800: checking for ranlib
configure:5816: found /usr/bin/ranlib
configure:5827: result: ranlib
configure:5880: checking for strip
configure:5896: found /usr/bin/strip
configure:5907: result: strip
configure:6179: checking if gcc supports -fno-rtti -fno-exceptions
configure:6197: gcc -c -g -O2  -fno-rtti -fno-exceptions conftest.c >&5
cc1: warning: command line option "-fno-rtti" is valid for C++/ObjC++ but not for C
configure:6201: $? = 0
configure:6214: result: no
configure:6229: checking for gcc option to produce PIC
configure:6439: result: -fPIC
configure:6447: checking if gcc PIC flag -fPIC works
configure:6465: gcc -c -g -O2  -fPIC -DPIC conftest.c >&5
configure:6469: $? = 0
configure:6482: result: yes
configure:6510: checking if gcc static flag -static works
configure:6538: result: yes
configure:6548: checking if gcc supports -c -o file.o
configure:6569: gcc -c -g -O2  -o out/conftest2.o conftest.c >&5
configure:6573: $? = 0
configure:6595: result: yes
configure:6621: checking whether the gcc linker (/usr/bin/ld) supports shared libraries
configure:7579: result: yes
configure:7600: checking whether -lc should be explicitly linked in
configure:7605: gcc -c -g -O2  conftest.c >&5
configure:7608: $? = 0
configure:7623: gcc -shared conftest.o  -v -Wl,-soname -Wl,conftest -o conftest 2\>\&1 \| grep  -lc  \>/dev/null 2\>\&1
configure:7626: $? = 0
configure:7638: result: no
configure:7646: checking dynamic linker characteristics
configure:8255: result: GNU/Linux ld.so
configure:8264: checking how to hardcode library paths into programs
configure:8289: result: immediate
configure:8303: checking whether stripping libraries is possible
configure:8308: result: yes
configure:9142: checking if libtool supports shared libraries
configure:9144: result: yes
configure:9147: checking whether to build shared libraries
configure:9168: result: yes
configure:9171: checking whether to build static libraries
configure:9175: result: no
configure:9267: creating libtool
configure:9858: checking for ld used by g++
configure:9925: result: /usr/bin/ld
configure:9934: checking if the linker (/usr/bin/ld) is GNU ld
configure:9949: result: yes
configure:10000: checking whether the g++ linker (/usr/bin/ld) supports shared libraries
configure:10938: result: yes
configure:10956: g++ -c -g -O2  conftest.cpp >&5
configure:10959: $? = 0
configure:11078: checking for g++ option to produce PIC
configure:11352: result: -fPIC
configure:11360: checking if g++ PIC flag -fPIC works
configure:11378: g++ -c -g -O2  -fPIC -DPIC conftest.cpp >&5
configure:11382: $? = 0
configure:11395: result: yes
configure:11423: checking if g++ static flag -static works
configure:11451: result: yes
configure:11461: checking if g++ supports -c -o file.o
configure:11482: g++ -c -g -O2  -o out/conftest2.o conftest.cpp >&5
configure:11486: $? = 0
configure:11508: result: yes
configure:11534: checking whether the g++ linker (/usr/bin/ld) supports shared libraries
configure:11559: result: yes
configure:11626: checking dynamic linker characteristics
configure:12235: result: GNU/Linux ld.so
configure:12244: checking how to hardcode library paths into programs
configure:12269: result: immediate
configure:18473: checking whether make sets $(MAKE)
configure:18493: result: yes
configure:18548: checking for gcc
configure:18574: result: gcc
configure:18818: checking for C compiler version
configure:18821: gcc --version </dev/null >&5
gcc (Debian 4.3.2-1.1) 4.3.2
Copyright (C) 2008 Free Software Foundation, Inc.
This is free software; see the source for copying conditions.  There is NO
warranty; not even for MERCHANTABILITY or FITNESS FOR A PARTICULAR PURPOSE.

configure:18824: $? = 0
configure:18826: gcc -v </dev/null >&5
Using built-in specs.
Target: i486-linux-gnu
Configured with: ../src/configure -v --with-pkgversion='Debian 4.3.2-1.1' --with-bugurl=file:///usr/share/doc/gcc-4.3/README.Bugs --enable-languages=c,c++,fortran,objc,obj-c++ --prefix=/usr --enable-shared --with-system-zlib --libexecdir=/usr/lib --without-included-gettext --enable-threads=posix --enable-nls --with-gxx-include-dir=/usr/include/c++/4.3 --program-suffix=-4.3 --enable-clocale=gnu --enable-libstdcxx-debug --enable-objc-gc --enable-mpfr --enable-targets=all --enable-cld --enable-checking=release --build=i486-linux-gnu --host=i486-linux-gnu --target=i486-linux-gnu
Thread model: posix
gcc version 4.3.2 (Debian 4.3.2-1.1) 
configure:18829: $? = 0
configure:18831: gcc -V </dev/null >&5
gcc: '-V' option must have argument
configure:18834: $? = 1
configure:18837: checking whether we are using the GNU C compiler
configure:18893: result: yes
configure:18899: checking whether gcc accepts -g
configure:18950: result: yes
configure:18967: checking for gcc option to accept ANSI C
configure:19074: result: none needed
configure:19092: gcc -c -g -O2  conftest.c >&5
conftest.c:2: error: expected '=', ',', ';', 'asm' or '__attribute__' before 'me'
configure:19098: $? = 1
configure: failed program was:
| #ifndef __cplusplus
|   choke me
| #endif
configure:19235: checking for pppd
configure:19253: found /usr/sbin/pppd
configure:19266: result: /usr/sbin/pppd
configure:19280: checking for pppd version
configure:19290: result: yes (found 2.4.4)
configure:19307: checking pppd/pppd.h usability
configure:19319: gcc -c -g -O2  conftest.c >&5
configure:19325: $? = 0
configure:19329: test -z 
			 || test ! -s conftest.err
configure:19332: $? = 0
configure:19335: test -s conftest.o
configure:19338: $? = 0
configure:19348: result: yes
configure:19352: checking pppd/pppd.h presence
configure:19362: gcc -E  conftest.c
configure:19368: $? = 0
configure:19388: result: yes
configure:19423: checking for pppd/pppd.h
configure:19430: result: yes
configure:19685: checking openssl/des.h usability
configure:19697: gcc -c -g -O2  conftest.c >&5
configure:19703: $? = 0
configure:19707: test -z 
			 || test ! -s conftest.err
configure:19710: $? = 0
configure:19713: test -s conftest.o
configure:19716: $? = 0
configure:19726: result: yes
configure:19730: checking openssl/des.h presence
configure:19740: gcc -E  conftest.c
configure:19746: $? = 0
configure:19766: result: yes
configure:19801: checking for openssl/des.h
configure:19808: result: yes
configure:19831: checking openssl/evp.h usability
configure:19843: gcc -c -g -O2  conftest.c >&5
configure:19849: $? = 0
configure:19853: test -z 
			 || test ! -s conftest.err
configure:19856: $? = 0
configure:19859: test -s conftest.o
configure:19862: $? = 0
configure:19872: result: yes
configure:19876: checking openssl/evp.h presence
configure:19886: gcc -E  conftest.c
configure:19892: $? = 0
configure:19912: result: yes
configure:19947: checking for openssl/evp.h
configure:19954: result: yes
configure:19968: checking for EVP_CIPHER_CTX_init in -lcrypto
configure:19998: gcc -o conftest -g -O2   conftest.c -lcrypto   >&5
configure:20004: $? = 0
configure:20008: test -z 
			 || test ! -s conftest.err
configure:20011: $? = 0
configure:20014: test -s conftest
configure:20017: $? = 0
configure:20030: result: yes
configure:20046: checking for EVP_MD_CTX_init in -lcrypto
configure:20076: gcc -o conftest -g -O2   conftest.c -lcrypto  -lcrypto  >&5
configure:20082: $? = 0
configure:20086: test -z 
			 || test ! -s conftest.err
configure:20089: $? = 0
configure:20092: test -s conftest
configure:20095: $? = 0
configure:20108: result: yes
configure:20124: checking for DES_crypt in -lcrypto
configure:20154: gcc -o conftest -g -O2   conftest.c -lcrypto  -lcrypto -lcrypto  >&5
configure:20160: $? = 0
configure:20164: test -z 
			 || test ! -s conftest.err
configure:20167: $? = 0
configure:20170: test -s conftest
configure:20173: $? = 0
configure:20186: result: yes
configure:20216: checking mysql/mysql.h usability
configure:20228: gcc -c -g -O2  conftest.c >&5
configure:20234: $? = 0
configure:20238: test -z 
			 || test ! -s conftest.err
configure:20241: $? = 0
configure:20244: test -s conftest.o
configure:20247: $? = 0
configure:20257: result: yes
configure:20261: checking mysql/mysql.h presence
configure:20271: gcc -E  conftest.c
configure:20277: $? = 0
configure:20297: result: yes
configure:20332: checking for mysql/mysql.h
configure:20339: result: yes
configure:20347: checking for mysql_config
configure:20365: found /usr/bin/mysql_config
configure:20377: result: /usr/bin/mysql_config
configure:20633: checking libpq-fe.h usability
configure:20645: gcc -c -g -O2  conftest.c >&5
conftest.c:64:22: error: libpq-fe.h: No such file or directory
configure:20651: $? = 1
configure: failed program was:
| /* confdefs.h.  */
| 
| #define PACKAGE_NAME "pppd-sql"
| #define PACKAGE_TARNAME "pppd-sql"
| #define PACKAGE_VERSION "0.8.0"
| #define PACKAGE_STRING "pppd-sql 0.8.0"
| #define PACKAGE_BUGREPORT "mbroemme@plusserver.de"
| #define PACKAGE "pppd-sql"
| #define VERSION "0.8.0"
| #define STDC_HEADERS 1
| #define HAVE_SYS_TYPES_H 1
| #define HAVE_SYS_STAT_H 1
| #define HAVE_STDLIB_H 1
| #define HAVE_STRING_H 1
| #define HAVE_MEMORY_H 1
| #define HAVE_STRINGS_H 1
| #define HAVE_INTTYPES_H 1
| #define HAVE_STDINT_H 1
| #define HAVE_UNISTD_H 1
| #define HAVE_DLFCN_H 1
| #ifdef __cplusplus
| extern "C" void exit (int) throw ();
| #endif
| #define HAVE_LIBCRYPTO 1
| #define HAVE_LIBCRYPTO 1
| #define HAVE_LIBCRYPTO 1
| #define PLUGIN_NAME_MYSQL "mysql"
| #define PLUGIN_VERSION_MYSQL "5.0.32"
| /* end confdefs.h.  */
| #include <stdio.h>
| #if HAVE_SYS_TYPES_H
| # include <sys/types.h>
| #endif
| #if HAVE_SYS_STAT_H
| # include <sys/stat.h>
| #endif
| #if STDC_HEADERS
| # include <stdlib.h>
| # include <stddef.h>
| #else
| # if HAVE_STDLIB_H
| #  include <stdlib.h>
| # endif
| #endif
| #if HAVE_STRING_H
| # if !STDC_HEADERS && HAVE_MEMORY_H
| #  include <memory.h>
| # endif
| # include <string.h>
| #endif
| #if HAVE_STRINGS_H
| # include <strings.h>
| #endif
| #if HAVE_INTTYPES_H
| # include <inttypes.h>
| #else
| # if HAVE_STDINT_H
| #  include <stdint.h>
| # endif
| #endif
| #if HAVE_UNISTD_H
| # include <unistd.h>
| #endif
| #include <libpq-fe.h>
configure:20674: result: no
configure:20678: checking libpq-fe.h presence
configure:20688: gcc -E  conftest.c
conftest.c:30:22: error: libpq-fe.h: No such file or directory
configure:20694: $? = 1
configure: failed program was:
| /* confdefs.h.  */
| 
| #define PACKAGE_NAME "pppd-sql"
| #define PACKAGE_TARNAME "pppd-sql"
| #define PACKAGE_VERSION "0.8.0"
| #define PACKAGE_STRING "pppd-sql 0.8.0"
| #define PACKAGE_BUGREPORT "mbroemme@plusserver.de"
| #define PACKAGE "pppd-sql"
| #define VERSION "0.8.0"
| #define STDC_HEADERS 1
| #define HAVE_SYS_TYPES_H 1
| #define HAVE_SYS_STAT_H 1
| #define HAVE_STDLIB_H 1
| #define HAVE_STRING_H 1
| #define HAVE_MEMORY_H 1
| #define HAVE_STRINGS_H 1
| #define HAVE_INTTYPES_H 1
| #define HAVE_STDINT_H 1
| #define HAVE_UNISTD_H 1
| #define HAVE_DLFCN_H 1
| #ifdef __cplusplus
| extern "C" void exit (int) throw ();
| #endif
| #define HAVE_LIBCRYPTO 1
| #define HAVE_LIBCRYPTO 1
| #define HAVE_LIBCRYPTO 1
| #define PLUGIN_NAME_MYSQL "mysql"
| #define PLUGIN_VERSION_MYSQL "5.0.32"
| /* end confdefs.h.  */
| #include <libpq-fe.h>
configure:20714: result: no
configure:20749: checking for libpq-fe.h
configure:20756: result: no
configure:20764: checking for pg_config
configure:20797: result: no
configure:20954: creating ./config.status

## ---------------- ##
## Cache variables. ##
## ---------------- ##

ac_cv_build=i686-pc-linux-gnu
ac_cv_build_alias=i686-pc-linux-gnu
ac_cv_c_compiler_gnu=yes
ac_cv_cxx_compiler_gnu=yes
ac_cv_env_CC_set=
ac_cv_env_CC_value=
ac_cv_env_CFLAGS_set=
ac_cv_env_CFLAGS_value=
ac_cv_env_CPPFLAGS_set=
ac_cv_env_CPPFLAGS_value=
ac_cv_env_CPP_set=
ac_cv_env_CPP_value=
ac_cv_env_CXXCPP_set=
ac_cv_env_CXXCPP_value=
ac_cv_env_CXXFLAGS_set=
ac_cv_env_CXXFLAGS_value=
ac_cv_env_CXX_set=
ac_cv_env_CXX_value=
ac_cv_env_F77_set=
ac_cv_env_F77_value=
ac_cv_env_FFLAGS_set=
ac_cv_env_FFLAGS_value=
ac_cv_env_LDFLAGS_set=
ac_cv_env_LDFLAGS_value=
ac_cv_env_build_alias_set=
ac_cv_env_build_alias_value=
ac_cv_env_host_alias_set=
ac_cv_env_host_alias_value=
ac_cv_env_target_alias_set=
ac_cv_env_target_alias_value=
ac_cv_exeext=
ac_cv_f77_compiler_gnu=no
ac_cv_header_dlfcn_h=yes
ac_cv_header_inttypes_h=yes
ac_cv_header_libpq_fe_h=no
ac_cv_header_memory_h=yes
ac_cv_header_mysql_mysql_h=yes
ac_cv_header_openssl_des_h=yes
ac_cv_header_openssl_evp_h=yes
ac_cv_header_pppd_pppd_h=yes
ac_cv_header_stdc=yes
ac_cv_header_stdint_h=yes
ac_cv_header_stdlib_h=yes
ac_cv_header_string_h=yes
ac_cv_header_strings_h=yes
ac_cv_header_sys_stat_h=yes
ac_cv_header_sys_types_h=yes
ac_cv_header_unistd_h=yes
ac_cv_host=i686-pc-linux-gnu
ac_cv_host_alias=i686-pc-linux-gnu
ac_cv_lib_crypto_DES_crypt=yes
ac_cv_lib_crypto_EVP_CIPHER_CTX_init=yes
ac_cv_lib_crypto_EVP_MD_CTX_init=yes
ac_cv_objext=o
ac_cv_path_install='/usr/bin/install -c'
ac_cv_path_mysql_config=/usr/bin/mysql_config
ac_cv_path_pppdpath=/usr/sbin/pppd
ac_cv_path_rmpath=/bin/rm
ac_cv_path_sedpath=/bin/sed
ac_cv_prog_AWK=mawk
ac_cv_prog_CPP='gcc -E'
ac_cv_prog_CXXCPP='g++ -E'
ac_cv_prog_ac_ct_AR=ar
ac_cv_prog_ac_ct_CC=gcc
ac_cv_prog_ac_ct_CXX=g++
ac_cv_prog_ac_ct_RANLIB=ranlib
ac_cv_prog_ac_ct_STRIP=strip
ac_cv_prog_cc_g=yes
ac_cv_prog_cc_stdc=
ac_cv_prog_cxx_g=yes
ac_cv_prog_egrep='grep -E'
ac_cv_prog_f77_g=no
ac_cv_prog_make_make_set=yes
ac_cv_target=i686-pc-linux-gnu
ac_cv_target_alias=i686-pc-linux-gnu
lt_cv_deplibs_check_method=pass_all
lt_cv_file_magic_cmd='$MAGIC_CMD'
lt_cv_file_magic_test_file=
lt_cv_ld_reload_flag=-r
lt_cv_objdir=.libs
lt_cv_path_LD=/usr/bin/ld
lt_cv_path_LDCXX=/usr/bin/ld
lt_cv_path_NM='/usr/bin/nm -B'
lt_cv_path_SED=/bin/sed
lt_cv_prog_compiler_c_o=yes
lt_cv_prog_compiler_c_o_CXX=yes
lt_cv_prog_compiler_rtti_exceptions=no
lt_cv_prog_gnu_ld=yes
lt_cv_prog_gnu_ldcxx=yes
lt_cv_sys_global_symbol_pipe='sed -n -e '\''s/^.*[ 	]\([ABCDGIRSTW][ABCDGIRSTW]*\)[ 	][ 	]*\([_A-Za-z][_A-Za-z0-9]*\)$/\1 \2 \2/p'\'''
lt_cv_sys_global_symbol_to_c_name_address='sed -n -e '\''s/^: \([^ ]*\) $/  {\"\1\", (lt_ptr) 0},/p'\'' -e '\''s/^[BCDEGRST] \([^ ]*\) \([^ ]*\)$/  {"\2", (lt_ptr) \&\2},/p'\'''
lt_cv_sys_global_symbol_to_cdecl='sed -n -e '\''s/^. .* \(.*\)$/extern int \1;/p'\'''
lt_cv_sys_max_cmd_len=32768
lt_lt_cv_prog_compiler_c_o='"yes"'
lt_lt_cv_prog_compiler_c_o_CXX='"yes"'
lt_lt_cv_sys_global_symbol_pipe='"sed -n -e '\''s/^.*[ 	]\\([ABCDGIRSTW][ABCDGIRSTW]*\\)[ 	][ 	]*\\([_A-Za-z][_A-Za-z0-9]*\\)\$/\\1 \\2 \\2/p'\''"'
lt_lt_cv_sys_global_symbol_to_c_name_address='"sed -n -e '\''s/^: \\([^ ]*\\) \$/  {\\\"\\1\\\", (lt_ptr) 0},/p'\'' -e '\''s/^[BCDEGRST] \\([^ ]*\\) \\([^ ]*\\)\$/  {\"\\2\", (lt_ptr) \\&\\2},/p'\''"'
lt_lt_cv_sys_global_symbol_to_cdecl='"sed -n -e '\''s/^. .* \\(.*\\)\$/extern int \\1;/p'\''"'

## ----------------- ##
## Output variables. ##
## ----------------- ##

ACLOCAL='${SHELL} /root/pppd-sql-0.8.0/missing --run aclocal-1.9'
AMTAR='${SHELL} /root/pppd-sql-0.8.0/missing --run tar'
AR='ar'
AUTOCONF='${SHELL} /root/pppd-sql-0.8.0/missing --run autoconf'
AUTOHEADER='${SHELL} /root/pppd-sql-0.8.0/missing --run autoheader'
AUTOMAKE='${SHELL} /root/pppd-sql-0.8.0/missing --run automake-1.9'
AWK='mawk'
CC='gcc'
CFLAGS='-g -O2'
CPP='gcc -E'
CPPFLAGS=''
CXX='g++'
CXXCPP='g++ -E'
CXXFLAGS='-g -O2'
CYGPATH_W='echo'
DEFS='-DHAVE_CONFIG_H'
ECHO='echo'
ECHO_C=''
ECHO_N='-n'
ECHO_T=''
EGREP='grep -E'
EXEEXT=''
F77=''
FFLAGS=''
HAVE_MYSQL_FALSE='#'
HAVE_MYSQL_TRUE=''
HAVE_PGSQL_FALSE=''
HAVE_PGSQL_TRUE='#'
INSTALL_DATA='${INSTALL} -m 644'
INSTALL_PROGRAM='${INSTALL}'
INSTALL_SCRIPT='${INSTALL}'
INSTALL_STRIP_PROGRAM='${SHELL} $(install_sh) -c -s'
LDFLAGS=''
LIBOBJS=''
LIBS='-lcrypto -lcrypto -lcrypto '
LIBTOOL='$(SHELL) $(top_builddir)/libtool'
LN_S='ln -s'
LTLIBOBJS=''
MAKEINFO='${SHELL} /root/pppd-sql-0.8.0/missing --run makeinfo'
MYSQL_CFLAGS='-I/usr/include/mysql -DBIG_JOINS=1'
MYSQL_LDFLAGS='-L/usr/lib/mysql -lmysqlclient'
OBJEXT='o'
PACKAGE='pppd-sql'
PACKAGE_BUGREPORT='mbroemme@plusserver.de'
PACKAGE_NAME='pppd-sql'
PACKAGE_STRING='pppd-sql 0.8.0'
PACKAGE_TARNAME='pppd-sql'
PACKAGE_VERSION='0.8.0'
PATH_SEPARATOR=':'
PGSQL_CFLAGS=''
PGSQL_LDFLAGS=''
RANLIB='ranlib'
SED='/bin/sed'
SET_MAKE=''
SHELL='/bin/sh'
STRIP='strip'
VERSION='0.8.0'
ac_ct_AR='ar'
ac_ct_CC='gcc'
ac_ct_CXX='g++'
ac_ct_F77=''
ac_ct_RANLIB='ranlib'
ac_ct_STRIP='strip'
am__leading_dot='.'
am__tar='${AMTAR} chof - "$$tardir"'
am__untar='${AMTAR} xf -'
bindir='${exec_prefix}/bin'
build='i686-pc-linux-gnu'
build_alias=''
build_cpu='i686'
build_os='linux-gnu'
build_vendor='pc'
datadir='${prefix}/share'
exec_prefix='${prefix}'
host='i686-pc-linux-gnu'
host_alias=''
host_cpu='i686'
host_os='linux-gnu'
host_vendor='pc'
includedir='${prefix}/include'
infodir='${prefix}/info'
install_sh='/root/pppd-sql-0.8.0/install-sh'
libdir='${exec_prefix}/lib/pppd/2.4.4'
libexecdir='${exec_prefix}/libexec'
localstatedir='${prefix}/var'
mandir='${prefix}/man'
mkdir_p='mkdir -p --'
mysql_config='/usr/bin/mysql_config'
oldincludedir='/usr/include'
pg_config=''
pppdpath='/usr/sbin/pppd'
prefix='/usr/local'
program_transform_name='s,x,x,'
rmpath='/bin/rm'
sbindir='${exec_prefix}/sbin'
sedpath='/bin/sed'
sharedstatedir='${prefix}/com'
sysconfdir='${prefix}/etc'
target='i686-pc-linux-gnu'
target_alias=''
target_cpu='i686'
target_os='linux-gnu'
target_vendor='pc'

## ----------- ##
## confdefs.h. ##
## ----------- ##

#define HAVE_DLFCN_H 1
#define HAVE_INTTYPES_H 1
#define HAVE_LIBCRYPTO 1
#define HAVE_LIBCRYPTO 1
#define HAVE_LIBCRYPTO 1
#define HAVE_MEMORY_H 1
#define HAVE_STDINT_H 1
#define HAVE_STDLIB_H 1
#define HAVE_STRINGS_H 1
#define HAVE_STRING_H 1
#define HAVE_SYS_STAT_H 1
#define HAVE_SYS_TYPES_H 1
#define HAVE_UNISTD_H 1
#define PACKAGE "pppd-sql"
#define PACKAGE_BUGREPORT "mbroemme@plusserver.de"
#define PACKAGE_NAME "pppd-sql"
#define PACKAGE_STRING "pppd-sql 0.8.0"
#define PACKAGE_TARNAME "pppd-sql"
#define PACKAGE_VERSION "0.8.0"
#define PLUGIN_NAME_MYSQL "mysql"
#define PLUGIN_VERSION_MYSQL "5.0.32"
#define STDC_HEADERS 1
#define VERSION "0.8.0"
#endif
#ifdef __cplusplus
extern "C" void exit (int) throw ();

configure: exit 0

## ---------------------- ##
## Running config.status. ##
## ---------------------- ##

This file was extended by pppd-sql config.status 0.8.0, which was
generated by GNU Autoconf 2.59.  Invocation command line was

  CONFIG_FILES    = 
  CONFIG_HEADERS  = 
  CONFIG_LINKS    = 
  CONFIG_COMMANDS = 
  $ ./config.status 

on www.suninformationservice.com

config.status:710: creating Makefile
config.status:710: creating doc/Makefile
config.status:710: creating src/Makefile
config.status:814: creating config.h
config.status:928: config.h is unchanged

## ---------------------- ##
## Running config.status. ##
## ---------------------- ##

This file was extended by pppd-sql config.status 0.8.0, which was
generated by GNU Autoconf 2.59.  Invocation command line was

  CONFIG_FILES    = 
  CONFIG_HEADERS  = 
  CONFIG_LINKS    = 
  CONFIG_COMMANDS = 
  $ ./config.status config.h

on www.suninformationservice.com

config.status:814: creating config.h
config.status:928: config.h is unchanged
